Log: Log file open, 06/07/24 16:05:43
Init: Name subsystem initialized
Init: Version: 469
Init: Revision: d (Release)
Init: Compiled: Dec  9 2023 12:11:13
Init: Command line: testrendev=D3DDrv.D3DRenderDevice log=Detected.log
Init: Base directory: D:\Downloads\Vince's Canned Unreal Tournament\System\
Init: Character set: Unicode
Log: Bound to Engine.dll
Log: Bound to Core.dll
Log: Bound to Window.dll
Init: Object subsystem initialized
Init: Detected: Microsoft Windows NT 6.2 (Build: 9200)
Log: Enabling Data Executing Prevention
Init: Computer: VINCEPC
Init: User: Vince
Init: Memory total: Phys=4194303K Pagef=4194303K Virt=4194176K
Init: Working set: 32000 / 159000
Init: CPU Page size=4096, Processors=12
Init: CPU Detected: AMD Ryzen 5 5600X 6-Core Processor              (AuthenticAMD)
Init: CPU Features: INVARIANT_TSC CMov FPU RDTSC PAE MMX SSE SSE2 SSE3 SSSE3 SSE4_1 SSE4_2 AVX AVX2
Init: Timer Frequency=4200.000075 MHz - Timing Source = RDTSC
Log: Detecting D3DDrv.D3DRenderDevice
Log: Bound to D3DDrv.dll
Init: DirectDraw drivers detected:
Init:    display (Controlador de pantalla primaria)
Init: D3D Device: Supports system memory DMA blts
Log: D3D Device 4194240K vram, 4186140K free
Init: Unreal Tournament Direct3D support - internal revision 1.9b
Init: D3D Device: szDriver=amdxn32.dll
Init: D3D Device: szDescription=AMD Radeon RX 6700 XT
Init: D3D Device: wProduct=0
Init: D3D Device: wVersion=0
Init: D3D Device: wSubVersion=0
Init: D3D Device: wBuild=0
Init: D3D Device: dwVendorId=4098
Init: D3D Device: dwDeviceId=29663
Init: D3D Device: dwSubSysId=588256396
Init: D3D Device: dwRevision=197
Init: Successfully tested Direct3D presence (DD_OK)
Log: Successfully detected D3DDrv.D3DRenderDevice
Exit: Preparing to exit.
Log: Collecting garbage
Log: Purging garbage
Log: Unbound to Engine.dll
Log: Unbound to Core.dll
Log: Unbound to Window.dll
Log: Unbound to D3DDrv.dll
Log: Garbage: objects: 241->0; refs: 0
Exit: Object subsystem successfully closed.
Exit: Exiting.
Exit: Allocation checking disabled
Log: Log file closed, 06/07/24 16:05:44
